============================= test session starts =============================
platform win32 -- Python 3.13.14, pytest-9.1.1, pluggy-1.6.0 -- C:\Users\anil\Desktop\Free Game tracker\.venv\Scripts\python.exe
cachedir: .pytest_cache
rootdir: C:\Users\anil\Desktop\Free Game tracker
configfile: pyproject.toml
testpaths: newsroom/tests
plugins: anyio-4.14.2
collecting ... collected 180 items

newsroom/tests/test_amazon_luna.py::test_guess_ownership_epic PASSED     [  0%]
newsroom/tests/test_amazon_luna.py::test_guess_ownership_unknown PASSED  [  1%]
newsroom/tests/test_amazon_luna.py::test_parse_tiers PASSED              [  1%]
newsroom/tests/test_amazon_luna.py::test_amazon_luna_standard_added PASSED [  2%]
newsroom/tests/test_amazon_luna.py::test_prime_gaming_claimable_added PASSED [  2%]
newsroom/tests/test_amazon_luna.py::test_luna_events_suppressed_giveaways PASSED [  3%]
newsroom/tests/test_amazon_luna.py::test_mixed_article_safety PASSED     [  3%]
newsroom/tests/test_compare.py::test_new_events_are_detected PASSED      [  4%]
newsroom/tests/test_compare.py::test_expired_events_are_detected PASSED  [  5%]
newsroom/tests/test_compare.py::test_ending_soon_only_for_continuing_events PASSED [  5%]
newsroom/tests/test_compare.py::test_new_event_ending_soon_is_reported_as_new_only PASSED [  6%]
newsroom/tests/test_compare.py::test_no_changes_when_identical PASSED    [  6%]
newsroom/tests/test_compare.py::test_has_changes_true_when_something_new PASSED [  7%]
newsroom/tests/test_compare.py::test_deduplicate_keeps_first_per_key PASSED [  7%]
newsroom/tests/test_database.py::test_round_trip_preserves_fields PASSED [  8%]
newsroom/tests/test_database.py::test_event_key_is_unique PASSED         [  8%]
newsroom/tests/test_database.py::test_load_all_events_returns_domain_models PASSED [  9%]
newsroom/tests/test_database.py::test_loaded_event_is_timezone_aware PASSED [ 10%]
newsroom/tests/test_database.py::test_naive_datetime_is_rejected PASSED  [ 10%]
newsroom/tests/test_database.py::test_sync_inserts_updates_and_preserves_discovered_at PASSED [ 11%]
newsroom/tests/test_database.py::test_sync_prunes_vanished_events PASSED [ 11%]
newsroom/tests/test_database.py::test_new_releases_round_trip_and_prune PASSED [ 12%]
newsroom/tests/test_database.py::test_deals_round_trip_and_prune PASSED  [ 12%]
newsroom/tests/test_epic.py::test_only_currently_free_games_are_returned PASSED [ 13%]
newsroom/tests/test_epic.py::test_excludes_dlc_bundles_discounts_and_upcoming PASSED [ 13%]
newsroom/tests/test_epic.py::test_clean_free_game_is_fully_specified PASSED [ 14%]
newsroom/tests/test_epic.py::test_mystery_giveaway_has_reduced_confidence PASSED [ 15%]
newsroom/tests/test_epic.py::test_nothing_free_after_windows_close PASSED [ 15%]
newsroom/tests/test_epic.py::test_empty_payload_yields_no_events PASSED  [ 16%]
newsroom/tests/test_epic.py::test_parse_epic_datetime_handles_z_suffix PASSED [ 16%]
newsroom/tests/test_epic.py::test_parse_epic_datetime_returns_none_for_garbage PASSED [ 17%]
newsroom/tests/test_epic.py::test_upcoming_free_games_detected PASSED    [ 17%]
newsroom/tests/test_epic.py::test_upcoming_have_future_start_dates PASSED [ 18%]
newsroom/tests/test_gamerpower.py::test_keeps_only_complementary_active_games PASSED [ 18%]
newsroom/tests/test_gamerpower.py::test_first_party_platforms_are_excluded PASSED [ 19%]
newsroom/tests/test_gamerpower.py::test_prime_event_fields PASSED        [ 20%]
newsroom/tests/test_gamerpower.py::test_missing_worth_and_end_reduce_confidence PASSED [ 20%]
newsroom/tests/test_gamerpower.py::test_non_list_payload_is_safe PASSED  [ 21%]
newsroom/tests/test_gamerpower.py::test_end_date_offset_is_applied PASSED [ 21%]
newsroom/tests/test_geforce_now.py::test_standard_thursday_two_games PASSED [ 22%]
newsroom/tests/test_geforce_now.py::test_monthly_preview_title_variant PASSED [ 22%]
newsroom/tests/test_geforce_now.py::test_geforce_now_thursday_title_variant PASSED [ 23%]
newsroom/tests/test_geforce_now.py::test_multiple_storefronts_single_bullet PASSED [ 23%]
newsroom/tests/test_geforce_now.py::test_day_one_launch PASSED           [ 24%]
newsroom/tests/test_geforce_now.py::test_editorial_only_article PASSED   [ 25%]
newsroom/tests/test_geforce_now.py::test_empty_article PASSED            [ 25%]
newsroom/tests/test_geforce_now.py::test_missing_storefront_rejected PASSED [ 26%]
newsroom/tests/test_geforce_now.py::test_duplicate_monthly_week_overlap_same_key PASSED [ 26%]
newsroom/tests/test_geforce_now.py::test_multiple_posts_deduplicate_same_game PASSED [ 27%]
newsroom/tests/test_geforce_now.py::test_non_gfn_post_skipped PASSED     [ 27%]
newsroom/tests/test_geforce_now.py::test_ownership_and_access_model PASSED [ 28%]
newsroom/tests/test_geforce_now.py::test_all_supported_storefronts PASSED [ 28%]
newsroom/tests/test_geforce_now.py::test_rtx_editorial_suffix_stripped_from_title PASSED [ 29%]
newsroom/tests/test_geforce_now.py::test_removal_bullet_skipped PASSED   [ 30%]
newsroom/tests/test_geforce_now.py::test_badly_formed_xml_returns_empty PASSED [ 30%]
newsroom/tests/test_geforce_now.py::test_paren_in_game_title_preserved PASSED [ 31%]
newsroom/tests/test_geforce_now.py::test_paren_in_title_complex PASSED   [ 31%]
newsroom/tests/test_geforce_now.py::test_battlenet_no_dot_alias PASSED   [ 32%]
newsroom/tests/test_geforce_now.py::test_battle_net_space_alias PASSED   [ 32%]
newsroom/tests/test_geforce_now.py::test_microsoft_store_alias PASSED    [ 33%]
newsroom/tests/test_geforce_now.py::test_regions_explicitly_set PASSED   [ 33%]
newsroom/tests/test_geforce_now.py::test_dlc_bullet_rejected PASSED      [ 34%]
newsroom/tests/test_geforce_now.py::test_free_weekend_bullet_rejected PASSED [ 35%]
newsroom/tests/test_geforce_now.py::test_rtx_suffix_unicode_em_dash PASSED [ 35%]
newsroom/tests/test_geforce_now.py::test_storefronts_field_on_every_event PASSED [ 36%]
newsroom/tests/test_geforce_now.py::test_geforce_now_registered_in_sources PASSED [ 36%]
newsroom/tests/test_gog.py::test_only_paid_games_now_free_are_returned PASSED [ 37%]
newsroom/tests/test_gog.py::test_giveaway_event_fields PASSED            [ 37%]
newsroom/tests/test_gog.py::test_empty_payload_yields_no_events PASSED   [ 38%]
newsroom/tests/test_migration.py::test_migration_from_blank PASSED       [ 38%]
newsroom/tests/test_migration.py::test_migration_from_legacy PASSED      [ 39%]
newsroom/tests/test_migration.py::test_idempotent_multiple_runs PASSED   [ 40%]
newsroom/tests/test_models.py::test_minimal_valid_event_defaults PASSED  [ 40%]
newsroom/tests/test_models.py::test_event_key_is_source_and_url PASSED   [ 41%]
newsroom/tests/test_models.py::test_confidence_requires_a_reason PASSED  [ 41%]
newsroom/tests/test_models.py::test_confidence_rejects_blank_reasons PASSED [ 42%]
newsroom/tests/test_models.py::test_confidence_score_bounds PASSED       [ 42%]
newsroom/tests/test_models.py::test_current_price_may_not_exceed_original PASSED [ 43%]
newsroom/tests/test_models.py::test_promotion_end_before_start_is_rejected PASSED [ 43%]
newsroom/tests/test_models.py::test_is_ending_soon_true_within_window PASSED [ 44%]
newsroom/tests/test_models.py::test_is_ending_soon_false_without_end_date PASSED [ 45%]
newsroom/tests/test_models.py::test_is_expired_detects_past_end PASSED   [ 45%]
newsroom/tests/test_notify.py::test_payload_has_one_embed_per_game PASSED [ 46%]
newsroom/tests/test_notify.py::test_no_payload_when_empty PASSED         [ 46%]
newsroom/tests/test_notify.py::test_min_confidence_filters_out_low_scores PASSED [ 47%]
newsroom/tests/test_notify.py::test_more_than_ten_games_are_capped PASSED [ 47%]
newsroom/tests/test_notify.py::test_subscription_events_suppressed PASSED [ 48%]
newsroom/tests/test_notify.py::test_notify_skips_when_no_webhook PASSED  [ 48%]
newsroom/tests/test_notify.py::test_notify_posts_new_giveaways PASSED    [ 49%]
newsroom/tests/test_notify.py::test_breakout_payload_fields PASSED       [ 50%]
newsroom/tests/test_notify.py::test_breakout_payload_none_when_empty PASSED [ 50%]
newsroom/tests/test_notify.py::test_deal_payload_fields PASSED           [ 51%]
newsroom/tests/test_notify.py::test_deal_payload_none_when_empty PASSED  [ 51%]
newsroom/tests/test_notify.py::test_post_is_fault_isolated_on_error PASSED [ 52%]
newsroom/tests/test_notify.py::test_post_retries_after_rate_limit PASSED [ 52%]
newsroom/tests/test_notify.py::test_post_gives_up_after_persistent_rate_limit PASSED [ 53%]
newsroom/tests/test_playstation_plus.py::test_extracts_essential_games PASSED [ 53%]
newsroom/tests/test_playstation_plus.py::test_extracts_catalog_games PASSED [ 54%]
newsroom/tests/test_playstation_plus.py::test_empty_html PASSED          [ 55%]
newsroom/tests/test_playstation_plus.py::test_deluxe_tier_handling PASSED [ 55%]
newsroom/tests/test_playstation_plus.py::test_classics_catalog PASSED    [ 56%]
newsroom/tests/test_playstation_plus.py::test_dst_winter PASSED          [ 56%]
newsroom/tests/test_playstation_plus.py::test_dst_summer PASSED          [ 57%]
newsroom/tests/test_playstation_plus.py::test_dst_transition_march PASSED [ 57%]
newsroom/tests/test_playstation_plus.py::test_dst_transition_november PASSED [ 58%]
newsroom/tests/test_playstation_plus.py::test_utc_date_differs_from_la PASSED [ 58%]
newsroom/tests/test_playstation_plus.py::test_available_today_near_midnight_utc PASSED [ 59%]
newsroom/tests/test_playstation_plus.py::test_next_tuesday_near_midnight_utc PASSED [ 60%]
newsroom/tests/test_playstation_plus.py::test_end_of_year_relative_weekday PASSED [ 60%]
newsroom/tests/test_playstation_plus.py::test_missing_year PASSED        [ 61%]
newsroom/tests/test_playstation_plus.py::test_november_referencing_january PASSED [ 61%]
newsroom/tests/test_playstation_plus.py::test_december_to_january_range PASSED [ 62%]
newsroom/tests/test_playstation_plus.py::test_january_referencing_december PASSED [ 62%]
newsroom/tests/test_playstation_plus.py::test_confidence_degradation PASSED [ 63%]
newsroom/tests/test_playstation_plus.py::test_multiple_games_sharing_url PASSED [ 63%]
newsroom/tests/test_playstation_plus.py::test_section_leakage_prevention PASSED [ 64%]
newsroom/tests/test_playstation_plus.py::test_article_fallback PASSED    [ 65%]
newsroom/tests/test_playstation_plus.py::test_game_specific_precedence PASSED [ 65%]
newsroom/tests/test_quality.py::test_default_gate_passes_everything PASSED [ 66%]
newsroom/tests/test_quality.py::test_subscription_events_pass_gate PASSED [ 66%]
newsroom/tests/test_quality.py::test_min_confidence_rejects_low_scores PASSED [ 67%]
newsroom/tests/test_quality.py::test_require_known_price_rejects_missing_or_zero PASSED [ 67%]
newsroom/tests/test_quality.py::test_unknown_price_allowed_when_not_required PASSED [ 68%]
newsroom/tests/test_quality.py::test_min_price_floor PASSED              [ 68%]
newsroom/tests/test_quality.py::test_users_chosen_gate_combo PASSED      [ 69%]
newsroom/tests/test_report.py::test_markdown_contains_candidate_facts PASSED [ 70%]
newsroom/tests/test_report.py::test_markdown_reports_no_changes PASSED   [ 70%]
newsroom/tests/test_report.py::test_json_structure_and_counts PASSED     [ 71%]
newsroom/tests/test_report.py::test_write_reports_creates_both_files PASSED [ 71%]
newsroom/tests/test_report.py::test_prune_removes_old_reports_but_keeps_latest_and_recent PASSED [ 72%]
newsroom/tests/test_report.py::test_prune_disabled_when_zero PASSED      [ 72%]
newsroom/tests/test_report.py::test_ending_soon_section_included_for_continuing_event PASSED [ 73%]
newsroom/tests/test_run.py::test_first_run_reports_all_new_and_persists PASSED [ 73%]
newsroom/tests/test_run.py::test_second_run_detects_new_and_expired PASSED [ 74%]
newsroom/tests/test_run.py::test_stable_run_reports_no_changes PASSED    [ 75%]
newsroom/tests/test_run.py::test_dry_run_does_not_persist PASSED         [ 75%]
newsroom/tests/test_run.py::test_failing_source_is_isolated PASSED       [ 76%]
newsroom/tests/test_run.py::test_source_filter_selects_subset PASSED     [ 76%]
newsroom/tests/test_run.py::test_latest_reports_are_written PASSED       [ 77%]
newsroom/tests/test_run.py::test_quality_gate_suppresses_surfacing_but_still_stores PASSED [ 77%]
newsroom/tests/test_steam.py::test_only_full_discounts_are_returned PASSED [ 78%]
newsroom/tests/test_steam.py::test_full_discount_event_fields PASSED     [ 78%]
newsroom/tests/test_steam.py::test_missing_expiry_reduces_confidence PASSED [ 79%]
newsroom/tests/test_steam.py::test_empty_payload_yields_no_events PASSED [ 80%]
newsroom/tests/test_steam.py::test_parse_appdetails_extracts_dev_and_publisher PASSED [ 80%]
newsroom/tests/test_steam.py::test_parse_appdetails_handles_failure PASSED [ 81%]
newsroom/tests/test_steam_breakouts.py::test_candidate_appids_from_new_releases PASSED [ 81%]
newsroom/tests/test_steam_breakouts.py::test_parse_release_reads_name_and_date PASSED [ 82%]
newsroom/tests/test_steam_breakouts.py::test_parse_release_handles_day_first_format PASSED [ 82%]
newsroom/tests/test_steam_breakouts.py::test_parse_release_skips_unparseable_or_coming_soon PASSED [ 83%]
newsroom/tests/test_steam_breakouts.py::test_parse_review_summary PASSED [ 83%]
newsroom/tests/test_steam_breakouts.py::test_tier_meets_threshold PASSED [ 84%]
newsroom/tests/test_steam_breakouts.py::test_within_window PASSED        [ 85%]
newsroom/tests/test_steam_deals.py::test_candidate_specials_filters_by_discount PASSED [ 85%]
newsroom/tests/test_steam_deals.py::test_build_deal_fields PASSED        [ 86%]
newsroom/tests/test_steam_deals.py::test_min_reviews_and_tier_are_enforced_by_helpers PASSED [ 86%]
newsroom/tests/test_subscription_domain.py::test_legacy_event_key_unchanged PASSED [ 87%]
newsroom/tests/test_subscription_domain.py::test_subscription_key_differs_by_tier PASSED [ 87%]
newsroom/tests/test_subscription_domain.py::test_subscription_key_differs_by_addition_removal PASSED [ 88%]
newsroom/tests/test_subscription_domain.py::test_normalization_removes_dupes_and_ignores_blanks PASSED [ 88%]
newsroom/tests/test_subscription_domain.py::test_different_platforms_change_key PASSED [ 89%]
newsroom/tests/test_subscription_domain.py::test_different_dates_change_key PASSED [ 90%]
newsroom/tests/test_webapp.py::test_index_serves_html PASSED             [ 90%]
newsroom/tests/test_webapp.py::test_state_reflects_stored_events PASSED  [ 91%]
newsroom/tests/test_webapp.py::test_run_now_triggers_pipeline 
